contact_book/build/app/outputs/mapping/release/mapping.txt
# compiler: R8
# compiler_version: 1.5.64
# min_api: 16
# pg_map_id: ea4838d
...
io.flutter.plugins.imagepicker.ImagePickerPlugin -> io.flutter.plugins.imagepicker.ImagePickerPlugin:
    io.flutter.embedding.engine.plugins.activity.ActivityPluginBinding activityBinding -> d
    io.flutter.plugins.imagepicker.ImagePickerPlugin$LifeCycleObserver observer -> h
    android.app.Activity activity -> f
    io.flutter.embedding.engine.plugins.FlutterPlugin$FlutterPluginBinding pluginBinding -> c
    androidx.lifecycle.Lifecycle lifecycle -> g
    io.flutter.plugins.imagepicker.ImagePickerDelegate delegate -> b
    io.flutter.plugin.common.MethodChannel channel -> a
    android.app.Application application -> e
    io.flutter.plugins.imagepicker.ImagePickerDelegate access$000(io.flutter.plugins.imagepicker.ImagePickerPlugin) -> a
    io.flutter.plugins.imagepicker.ImagePickerDelegate constructDelegate(android.app.Activity) -> a
    void onAttachedToActivity(io.flutter.embedding.engine.plugins.activity.ActivityPluginBinding) -> a
    void onDetachedFromActivity() -> a
    void onDetachedFromEngine(io.flutter.embedding.engine.plugins.FlutterPlugin$FlutterPluginBinding) -> a
    void onMethodCall(io.flutter.plugin.common.MethodCall,io.flutter.plugin.common.MethodChannel$Result) -> a
    void setup(io.flutter.plugin.common.BinaryMessenger,android.app.Application,android.app.Activity,io.flutter.plugin.common.PluginRegistry$Registrar,io.flutter.embedding.engine.plugins.activity.ActivityPluginBinding) -> a
io.flutter.plugins.imagepicker.ImagePickerPlugin$LifeCycleObserver -> io.flutter.plugins.imagepicker.ImagePickerPlugin$LifeCycleObserver:
    io.flutter.plugins.imagepicker.ImagePickerPlugin this$0 -> b
    android.app.Activity thisActivity -> a
    void onStart(androidx.lifecycle.LifecycleOwner) -> a
    void onResume(androidx.lifecycle.LifecycleOwner) -> b
    void onPause(androidx.lifecycle.LifecycleOwner) -> c
    void onDestroy(androidx.lifecycle.LifecycleOwner) -> d
    void onStop(androidx.lifecycle.LifecycleOwner) -> e
    void onCreate(androidx.lifecycle.LifecycleOwner) -> f
io.flutter.plugins.imagepicker.ImagePickerPlugin$MethodResultWrapper -> io.flutter.plugins.imagepicker.ImagePickerPlugin$a:
    io.flutter.plugin.common.MethodChannel$Result methodResult -> a
    android.os.Handler handler -> b
    io.flutter.plugin.common.MethodChannel$Result access$100(io.flutter.plugins.imagepicker.ImagePickerPlugin$MethodResultWrapper) -> a
    void error(java.lang.String,java.lang.String,java.lang.Object) -> a
    void notImplemented() -> a
    void success(java.lang.Object) -> a
io.flutter.plugins.imagepicker.ImagePickerPlugin$MethodResultWrapper$1 -> io.flutter.plugins.imagepicker.ImagePickerPlugin$a$a:
    java.lang.Object val$result -> a
    io.flutter.plugins.imagepicker.ImagePickerPlugin$MethodResultWrapper this$0 -> b
io.flutter.plugins.imagepicker.ImagePickerPlugin$MethodResultWrapper$2 -> io.flutter.plugins.imagepicker.ImagePickerPlugin$a$b:
    java.lang.Object val$errorDetails -> c
    java.lang.String val$errorCode -> a
    java.lang.String val$errorMessage -> b
    io.flutter.plugins.imagepicker.ImagePickerPlugin$MethodResultWrapper this$0 -> d
io.flutter.plugins.imagepicker.ImagePickerPlugin$MethodResultWrapper$3 -> io.flutter.plugins.imagepicker.ImagePickerPlugin$a$c:
    io.flutter.plugins.imagepicker.ImagePickerPlugin$MethodResultWrapper this$0 -> a
io.flutter.plugins.imagepicker.ImagePickerUtils -> io.flutter.plugins.imagepicker.f:
    boolean isPermissionPresentInManifest(android.content.Context,java.lang.String) -> a
    boolean needRequestCameraPermission(android.content.Context) -> a